<?xml version="1.0" encoding="UTF-8"?>
<!-- Generated by org.testng.reporters.JUnitReportReporter -->
<testsuite hostname="WINDOWS-J0ACLPE" failures="0" tests="1" name="rahulshettyacademyInterview.ErrorValidations" time="4.323" errors="0" timestamp="2024-04-11T14:37:30 IST" skipped="0">
  <testcase classname="rahulshettyacademyInterview.ErrorValidations" name="LoginErrorValidation" time="4.323"/>
  <system-out/>
</testsuite> <!-- rahulshettyacademyInterview.ErrorValidations -->
