<?xml version="1.0" encoding="UTF-8"?>
<!-- Generated by org.testng.reporters.JUnitReportReporter -->
<testsuite hostname="WINDOWS-J0ACLPE" failures="0" tests="2" name="rahulshettyacademyInterview.StandAlone_2" time="27.649" errors="0" timestamp="2024-04-11T16:51:13 IST" skipped="0">
  <testcase classname="rahulshettyacademyInterview.StandAlone_2" name="submitOrder" time="12.736"/>
  <system-out/>
  <testcase classname="rahulshettyacademyInterview.StandAlone_2" name="submitOrder" time="14.913"/>
  <system-out/>
</testsuite> <!-- rahulshettyacademyInterview.StandAlone_2 -->
